<?xml version="1.0" encoding="UTF-8"?>
<testng-results ignored="1" total="2" passed="1" failed="0" skipped="0">
  <reporter-output>
  </reporter-output>
  <suite started-at="2021-02-03T17:29:25 CST" name="Default suite" finished-at="2021-02-03T17:29:38 CST" duration-ms="12940">
    <groups>
    </groups>
    <test started-at="2021-02-03T17:29:25 CST" name="Default test" finished-at="2021-02-03T17:29:38 CST" duration-ms="12940">
      <class name="com.ref.amax.qa.testcases.ClickOnRefBtnTest">
        <test-method is-config="true" signature="setUp()[pri:0, instance:com.ref.amax.qa.testcases.ClickOnRefBtnTest@2928854b]" started-at="2021-02-03T17:29:25 CST" name="setUp" finished-at="2021-02-03T17:29:33 CST" duration-ms="7715" status="PASS">
          <reporter-output>
          </reporter-output>
        </test-method> <!-- setUp -->
        <test-method signature="fillTheForm()[pri:0, instance:com.ref.amax.qa.testcases.ClickOnRefBtnTest@2928854b]" started-at="2021-02-03T17:29:33 CST" name="fillTheForm" finished-at="2021-02-03T17:29:38 CST" duration-ms="5185" status="PASS">
          <reporter-output>
          </reporter-output>
        </test-method> <!-- fillTheForm -->
      </class> <!-- com.ref.amax.qa.testcases.ClickOnRefBtnTest -->
    </test> <!-- Default test -->
  </suite> <!-- Default suite -->
</testng-results>
