<?xml version="1.0" encoding="UTF-8"?>
<!-- Generated by org.testng.reporters.JUnitXMLReporter -->
<testsuite ignored="1" hostname="IT-QA" failures="0" tests="1" name="Default test" time="12.94" errors="0" timestamp="2021-02-03T17:29:38 CST">
  <testcase classname="com.ref.amax.qa.testcases.ClickOnRefBtnTest" name="fillTheForm" time="5.185"/>
  <testcase classname="com.ref.amax.qa.testcases.ClickOnRefBtnTest" name="clickOnRefBtn" time="0.0">
    <ignored/>
  </testcase> <!-- clickOnRefBtn -->
</testsuite> <!-- Default test -->
